"Severity","Appender","Date","Time","Category","Message"
"WARN","coldboxfile","08/08/2009","10:47:17","simple_blog","The BeanFactory definition file cannot be located -> /coldbox/samples/applications/SimpleBlog/simple_blog/config/ModelMappings.cfm"
"WARN","coldboxfile","08/08/2009","10:47:41","simple_blog","The BeanFactory definition file cannot be located -> /coldbox/samples/applications/SimpleBlog/simple_blog/config/ModelMappings.cfm"
"WARN","coldboxfile","08/08/2009","10:48:29","simple_blog","The BeanFactory definition file cannot be located -> /coldbox/samples/applications/SimpleBlog/simple_blog/config/ModelMappings.cfm"
"WARN","coldboxfile","08/08/2009","10:48:56","simple_blog","The BeanFactory definition file cannot be located -> /coldbox/samples/applications/SimpleBlog/simple_blog/config/ModelMappings.cfm"
"WARN","coldboxfile","09/17/2009","13:41:42","simple_blog","The BeanFactory definition file cannot be located -> /coldbox/samples/applications/SimpleBlog/simple_blog/config/ModelMappings.cfm"
"WARN","coldboxfile","09/17/2009","13:48:55","simple_blog","The BeanFactory definition file cannot be located -> /coldbox/samples/applications/SimpleBlog/simple_blog/config/ModelMappings.cfm"
"ERROR","coldboxfile","09/17/2009","13:49:40","simple_blog","Error autowiring coldbox.samples.applications.SimpleBlog.simple_blog.handlers.general. Variable REFLOCAL is undefined."
"ERROR","coldboxfile","09/17/2009","13:49:42","simple_blog","Application Execution Exception ExtraInfo:CFErrorType=Autowire.AutowireExceptionCFDetails=coldfusion.runtime.UndefinedVariableException: Variable REFLOCAL is undefined.
	at coldfusion.runtime.CfJspPage._get(CfJspPage.java:251)
	at coldfusion.runtime.CfJspPage._get(CfJspPage.java:236)
	at cfCBCacheManager2ecfc693835987$funcLOOKUP.runFunction(C:\apache\htdocs\coldbox\system\cache\CBCacheManager.cfc:66)
	at coldfusion.runtime.UDFMethod.invoke(UDFMethod.java:418)
	at coldfusion.filter.SilentFilter.invoke(SilentFilter.java:47)
	at coldfusion.runtime.UDFMethod$ReturnTypeFilter.invoke(UDFMethod.java:360)
	at coldfusion.runtime.UDFMethod$ArgumentCollectionFilter.invoke(UDFMethod.java:324)
	at coldfusion.filter.FunctionAccessFilter.invoke(FunctionAccessFilter.java:59)
	at coldfusion.runtime.UDFMethod.runFilterChain(UDFMethod.java:277)
	at coldfusion.runtime.UDFMethod.invoke(UDFMethod.java:192)
	at coldfusion.runtime.TemplateProxy.invoke(TemplateProxy.java:448)
	at coldfusion.runtime.TemplateProxy.invoke(TemplateProxy.java:308)
	at coldfusion.runtime.CfJspPage._invoke(CfJspPage.java:2272)
	at cfBeanFactory2ecfc707470794$funcGETOCMDEPENDENCY.runFunction(C:\apache\htdocs\coldbox\system\plugins\BeanFactory.cfc:906)
	at coldfusion.runtime.UDFMethod.invoke(UDFMethod.java:418)
	at coldfusion.filter.SilentFilter.invoke(SilentFilter.java:47)
	at coldfusion.runtime.UDFMethod$ReturnTypeFilter.invoke(UDFMethod.java:360)
	at coldfusion.runtime.UDFMethod$ArgumentCollectionFilter.invoke(UDFMethod.java:324)
	at coldfusion.filter.FunctionAccessFilter.invoke(FunctionAccessFilter.java:59)
	at coldfusion.runtime.UDFMethod.runFilterChain(UDFMethod.java:277)
	at coldfusion.runtime.UDFMethod.invoke(UDFMethod.java:192)
	at coldfusion.runtime.CfJspPage._invokeUDF(CfJspPage.java:2471)
	at cfBeanFactory2ecfc707470794$funcGETDSLDEPENDENCY.runFunction(C:\apache\htdocs\coldbox\system\plugins\BeanFactory.cfc:672)
	at coldfusion.runtime.UDFMethod.invoke(UDFMethod.java:418)
	at coldfusion.filter.SilentFilter.invoke(SilentFilter.java:47)
	at coldfusion.runtime.UDFMethod$ReturnTypeFilter.invoke(UDFMethod.java:360)
	at coldfusion.runtime.UDFMethod$ArgumentCollectionFilter.invoke(UDFMethod.java:324)
	at coldfusion.filter.FunctionAccessFilter.invoke(FunctionAccessFilter.java:59)
	at coldfusion.runtime.UDFMethod.runFilterChain(UDFMethod.java:277)
	at coldfusion.runtime.UDFMethod.invoke(UDFMethod.java:463)
	at coldfusion.runtime.CfJspPage._invokeUDF(CfJspPage.java:2436)
	at cfBeanFactory2ecfc707470794$funcAUTOWIRE.runFunction(C:\apache\htdocs\coldbox\system\plugins\BeanFactory.cfc:583)
	at coldfusion.runtime.UDFMethod.invoke(UDFMethod.java:418)
	at coldfusion.filter.SilentFilter.invoke(SilentFilter.java:47)
	at coldfusion.runtime.UDFMethod$ReturnTypeFilter.invoke(UDFMethod.java:360)
	at coldfusion.runtime.UDFMethod$ArgumentCollectionFilter.invoke(UDFMethod.java:324)
	at coldfusion.filter.FunctionAccessFilter.invoke(FunctionAccessFilter.java:59)
	at coldfusion.runtime.UDFMethod.runFilterChain(UDFMethod.java:277)
	at coldfusion.runtime.UDFMethod.invoke(UDFMethod.java:463)
	at coldfusion.runtime.TemplateProxy.invoke(TemplateProxy.java:453)
	at coldfusion.runtime.TemplateProxy.invoke(TemplateProxy.java:320)
	at coldfusion.runtime.CfJspPage._invoke(CfJspPage.java:2222)
	at cfAutowire2ecfc1243066105$funcPROCESSAUTOWIRE.runFunction(C:\apache\htdocs\coldbox\system\interceptors\Autowire.cfc:109)
	at coldfusion.runtime.UDFMethod.invoke(UDFMethod.java:418)
	at coldfusion.filter.SilentFilter.invoke(SilentFilter.java:47)
	at coldfusion.runtime.UDFMethod$ReturnTypeFilter.invoke(UDFMethod.java:360)
	at coldfusion.runtime.UDFMethod$ArgumentCollectionFilter.invoke(UDFMethod.java:324)
	at coldfusion.filter.FunctionAccessFilter.invoke(FunctionAccessFilter.java:59)
	at coldfusion.runtime.UDFMethod.runFilterChain(UDFMethod.java:277)
	at coldfusion.runtime.UDFMethod.invoke(UDFMethod.java:192)
	at coldfusion.runtime.CfJspPage._invokeUDF(CfJspPage.java:2471)
	at cfAutowire2ecfc1243066105$funcAFTERHANDLERCREATION.runFunction(C:\apache\htdocs\coldbox\system\interceptors\Autowire.cfc:80)
	at coldfusion.runtime.UDFMethod.invoke(UDFMethod.java:418)
	at coldfusion.filter.SilentFilter.invoke(SilentFilter.java:47)
	at coldfusion.runtime.UDFMethod$ReturnTypeFilter.invoke(UDFMethod.java:360)
	at coldfusion.runtime.UDFMethod$ArgumentCollectionFilter.invoke(UDFMethod.java:324)
	at coldfusion.filter.FunctionAccessFilter.invoke(FunctionAccessFilter.java:59)
	at coldfusion.runtime.UDFMethod.runFilterChain(UDFMethod.java:277)
	at coldfusion.runtime.UDFMethod.invoke(UDFMethod.java:463)
	at coldfusion.runtime.TemplateProxy.invoke(TemplateProxy.java:453)
	at coldfusion.runtime.TemplateProxy.invoke(TemplateProxy.java:320)
	at coldfusion.runtime.CfJspPage._invoke(CfJspPage.java:2222)
	at coldfusion.tagext.lang.InvokeTag.doEndTag(InvokeTag.java:362)
	at cfInterceptorState2ecfc785275506$funcINVOKER.runFunction(C:\apache\htdocs\coldbox\system\beans\InterceptorState.cfc:142)
	at coldfusion.runtime.UDFMethod.invoke(UDFMethod.java:418)
	at coldfusion.filter.SilentFilter.invoke(SilentFilter.java:47)
	at coldfusion.runtime.UDFMethod$ReturnTypeFilter.invoke(UDFMethod.java:360)
	at coldfusion.runtime.UDFMethod$ArgumentCollectionFilter.invoke(UDFMethod.java:324)
	at coldfusion.filter.FunctionAccessFilter.invoke(FunctionAccessFilter.java:59)
	at coldfusion.runtime.UDFMethod.runFilterChain(UDFMethod.java:277)
	at coldfusion.runtime.UDFMethod.invoke(UDFMethod.java:192)
	at coldfusion.runtime.CfJspPage._invokeUDF(CfJspPage.java:2471)
	at cfInterceptorState2ecfc785275506$funcPROCESS.runFunction(C:\apache\htdocs\coldbox\system\beans\InterceptorState.cfc:99)
	at coldfusion.runtime.UDFMethod.invoke(UDFMethod.java:418)
	at coldfusion.filter.SilentFilter.invoke(SilentFilter.java:47)
	at coldfusion.runtime.UDFMethod$ReturnTypeFilter.invoke(UDFMethod.java:360)
	at coldfusion.runtime.UDFMethod$ArgumentCollectionFilter.invoke(UDFMethod.java:324)
	at coldfusion.filter.FunctionAccessFilter.invoke(FunctionAccessFilter.java:59)
	at coldfusion.runtime.UDFMethod.runFilterChain(UDFMethod.java:277)
	at coldfusion.runtime.UDFMethod.invoke(UDFMethod.java:192)
	at coldfusion.runtime.TemplateProxy.invoke(TemplateProxy.java:448)
	at coldfusion.runtime.TemplateProxy.invoke(TemplateProxy.java:308)
	at coldfusion.runtime.CfJspPage._invoke(CfJspPage.java:2272)
	at cfInterceptorService2ecfc2031664677$funcPROCESSSTATE.runFunction(C:\apache\htdocs\coldbox\system\services\InterceptorService.cfc:95)
	at coldfusion.runtime.UDFMethod.invoke(UDFMethod.java:418)
	at coldfusion.runtime.UDFMethod$ReturnTypeFilter.invoke(UDFMethod.java:360)
	at coldfusion.runtime.UDFMethod$ArgumentCollectionFilter.invoke(UDFMethod.java:324)
	at coldfusion.filter.FunctionAccessFilter.invoke(FunctionAccessFilter.java:59)
	at coldfusion.runtime.UDFMethod.runFilterChain(UDFMethod.java:277)
	at coldfusion.runtime.UDFMethod.invoke(UDFMethod.java:192)
	at coldfusion.runtime.TemplateProxy.invoke(TemplateProxy.java:448)
	at coldfusion.runtime.TemplateProxy.invoke(TemplateProxy.java:308)
	at coldfusion.runtime.CfJspPage._invoke(CfJspPage.java:2272)
	at cfHandlerService2ecfc621219838$funcNEWHANDLER.runFunction(C:\apache\htdocs\coldbox\system\services\HandlerService.cfc:55)
	at coldfusion.runtime.UDFMethod.invoke(UDFMethod.java:418)
	at coldfusion.filter.SilentFilter.invoke(SilentFilter.java:47)
	at coldfusion.runtime.UDFMethod$ReturnTypeFilter.invoke(UDFMethod.java:360)
	at coldfusion.runtime.UDFMethod$ArgumentCollectionFilter.invoke(UDFMethod.java:324)
	at coldfusion.filter.FunctionAccessFilter.invoke(FunctionAccessFilter.java:59)
	at coldfusion.runtime.UDFMethod.runFilterChain(UDFMethod.java:277)
	at coldfusion.runtime.UDFMethod.invoke(UDFMethod.java:192)
	at coldfusion.runtime.CfJspPage._invokeUDF(CfJspPage.java:2471)
	at cfHandlerService2ecfc621219838$funcGETHANDLER.runFunction(C:\apache\htdocs\coldbox\system\services\HandlerService.cfc:103)
	at coldfusion.runtime.UDFMethod.invoke(UDFMethod.java:418)
	at coldfusion.filter.SilentFilter.invoke(SilentFilter.java:47)
	at coldfusion.runtime.UDFMethod$ReturnTypeFilter.invoke(UDFMethod.java:360)
	at coldfusion.runtime.UDFMethod$ArgumentCollectionFilter.invoke(UDFMethod.java:324)
	at coldfusion.filter.FunctionAccessFilter.invoke(FunctionAccessFilter.java:59)
	at coldfusion.runtime.UDFMethod.runFilterChain(UDFMethod.java:277)
	at coldfusion.runtime.UDFMethod.invoke(UDFMethod.java:192)
	at coldfusion.runtime.TemplateProxy.invoke(TemplateProxy.java:448)
	at coldfusion.runtime.TemplateProxy.invoke(TemplateProxy.java:308)
	at coldfusion.runtime.CfJspPage._invoke(CfJspPage.java:2272)
	at cfController2ecfc303953387$funcRUNEVENT.runFunction(C:\apache\htdocs\coldbox\system\Controller.cfc:438)
	at coldfusion.runtime.UDFMethod.invoke(UDFMethod.java:418)
	at coldfusion.runtime.UDFMethod$ReturnTypeFilter.invoke(UDFMethod.java:360)
	at coldfusion.runtime.UDFMethod$ArgumentCollectionFilter.invoke(UDFMethod.java:324)
	at coldfusion.filter.FunctionAccessFilter.invoke(FunctionAccessFilter.java:59)
	at coldfusion.runtime.UDFMethod.runFilterChain(UDFMethod.java:277)
	at coldfusion.runtime.UDFMethod.invoke(UDFMethod.java:463)
	at coldfusion.runtime.TemplateProxy.invoke(TemplateProxy.java:453)
	at coldfusion.runtime.TemplateProxy.invoke(TemplateProxy.java:320)
	at coldfusion.runtime.CfJspPage._invoke(CfJspPage.java:2222)
	at cfColdbox2ecfc1886240252$funcPROCESSCOLDBOXREQUEST.runFunction(C:\apache\htdocs\coldbox\system\Coldbox.cfc:186)
	at coldfusion.runtime.UDFMethod.invoke(UDFMethod.java:418)
	at coldfusion.runtime.UDFMethod$ReturnTypeFilter.invoke(UDFMethod.java:360)
	at coldfusion.runtime.UDFMethod$ArgumentCollectionFilter.invoke(UDFMethod.java:324)
	at coldfusion.filter.FunctionAccessFilter.invoke(FunctionAccessFilter.java:59)
	at coldfusion.runtime.UDFMethod.runFilterChain(UDFMethod.java:277)
	at coldfusion.runtime.UDFMethod.invoke(UDFMethod.java:192)
	at coldfusion.runtime.CfJspPage._invokeUDF(CfJspPage.java:2471)
	at cfApplication2ecfc628597436$funcONREQUESTSTART.runFunction(C:\apache\htdocs\coldbox\samples\applications\SimpleBlog\simple_blog\Application.cfc:51)
	at coldfusion.runtime.UDFMethod.invoke(UDFMethod.java:418)
	at coldfusion.runtime.UDFMethod$ReturnTypeFilter.invoke(UDFMethod.java:360)
	at coldfusion.runtime.UDFMethod$ArgumentCollectionFilter.invoke(UDFMethod.java:324)
	at coldfusion.filter.FunctionAccessFilter.invoke(FunctionAccessFilter.java:59)
	at coldfusion.runtime.UDFMethod.runFilterChain(UDFMethod.java:277)
	at coldfusion.runtime.UDFMethod.invoke(UDFMethod.java:192)
	at coldfusion.runtime.TemplateProxy.invoke(TemplateProxy.java:448)
	at coldfusion.runtime.TemplateProxy.invoke(TemplateProxy.java:308)
	at coldfusion.runtime.AppEventInvoker.invoke(AppEventInvoker.java:74)
	at coldfusion.runtime.AppEventInvoker.onRequestStart(AppEventInvoker.java:221)
	at coldfusion.filter.ApplicationFilter.invoke(ApplicationFilter.java:264)
	at coldfusion.filter.MonitoringFilter.invoke(MonitoringFilter.java:40)
	at coldfusion.filter.PathFilter.invoke(PathFilter.java:86)
	at coldfusion.filter.LicenseFilter.invoke(LicenseFilter.java:27)
	at coldfusion.filter.ExceptionFilter.invoke(ExceptionFilter.java:70)
	at coldfusion.filter.BrowserDebugFilter.invoke(BrowserDebugFilter.java:74)
	at coldfusion.filter.ClientScopePersistenceFilter.invoke(ClientScopePersistenceFilter.java:28)
	at coldfusion.filter.BrowserFilter.invoke(BrowserFilter.java:38)
	at coldfusion.filter.NoCacheFilter.invoke(NoCacheFilter.java:46)
	at coldfusion.filter.GlobalsFilter.invoke(GlobalsFilter.java:38)
	at coldfusion.filter.DatasourceFilter.invoke(DatasourceFilter.java:22)
	at coldfusion.CfmServlet.service(CfmServlet.java:175)
	at coldfusion.bootstrap.BootstrapServlet.service(BootstrapServlet.java:89)
	at jrun.servlet.FilterChain.doFilter(FilterChain.java:86)
	at coldfusion.monitor.event.MonitoringServletFilter.doFilter(MonitoringServletFilter.java:42)
	at coldfusion.bootstrap.BootstrapFilter.doFilter(BootstrapFilter.java:46)
	at jrun.servlet.FilterChain.doFilter(FilterChain.java:94)
	at jrun.servlet.FilterChain.service(FilterChain.java:101)
	at jrun.servlet.ServletInvoker.invoke(ServletInvoker.java:106)
	at jrun.servlet.JRunInvokerChain.invokeNext(JRunInvokerChain.java:42)
	at jrun.servlet.JRunRequestDispatcher.invoke(JRunRequestDispatcher.java:286)
	at jrun.servlet.ServletEngineService.dispatch(ServletEngineService.java:543)
	at jrun.servlet.jrpp.JRunProxyService.invokeRunnable(JRunProxyService.java:203)
	at jrunx.scheduler.ThreadPool$DownstreamMetrics.invokeRunnable(ThreadPool.java:320)
	at jrunx.scheduler.ThreadPool$ThreadThrottle.invokeRunnable(ThreadPool.java:428)
	at jrunx.scheduler.ThreadPool$UpstreamMetrics.invokeRunnable(ThreadPool.java:266)
	at jrunx.scheduler.WorkerThread.run(WorkerThread.java:66)
CFMessage=Error autowiring coldbox.samples.applications.SimpleBlog.simple_blog.handlers.general. Variable REFLOCAL is undefined. CFStackTrace=coldfusion.runtime.CustomException: Error autowiring coldbox.samples.applications.SimpleBlog.simple_blog.handlers.general. Variable REFLOCAL is undefined. 
	at coldfusion.tagext.lang.ThrowTag.doStartTag(ThrowTag.java:124)
	at coldfusion.runtime.CfJspPage._emptyTcfTag(CfJspPage.java:2661)
	at cfFrameworkSupertype2ecfc391809595$func$THROW.runFunction(C:\apache\htdocs\coldbox\system\FrameworkSupertype.cfc:420)
	at coldfusion.runtime.UDFMethod.invoke(UDFMethod.java:418)
	at coldfusion.filter.SilentFilter.invoke(SilentFilter.java:47)
	at coldfusion.runtime.UDFMethod$ArgumentCollectionFilter.invoke(UDFMethod.java:324)
	at coldfusion.filter.FunctionAccessFilter.invoke(FunctionAccessFilter.java:59)
	at coldfusion.runtime.UDFMethod.runFilterChain(UDFMethod.java:277)
	at coldfusion.runtime.UDFMethod.invoke(UDFMethod.java:463)
	at coldfusion.runtime.CfJspPage._invokeUDF(CfJspPage.java:2436)
	at cfAutowire2ecfc1243066105$funcPROCESSAUTOWIRE.runFunction(C:\apache\htdocs\coldbox\system\interceptors\Autowire.cfc:113)
	at coldfusion.runtime.UDFMethod.invoke(UDFMethod.java:418)
	at coldfusion.filter.SilentFilter.invoke(SilentFilter.java:47)
	at coldfusion.runtime.UDFMethod$ReturnTypeFilter.invoke(UDFMethod.java:360)
	at coldfusion.runtime.UDFMethod$ArgumentCollectionFilter.invoke(UDFMethod.java:324)
	at coldfusion.filter.FunctionAccessFilter.invoke(FunctionAccessFilter.java:59)
	at coldfusion.runtime.UDFMethod.runFilterChain(UDFMethod.java:277)
	at coldfusion.runtime.UDFMethod.invoke(UDFMethod.java:192)
	at coldfusion.runtime.CfJspPage._invokeUDF(CfJspPage.java:2471)
	at cfAutowire2ecfc1243066105$funcAFTERHANDLERCREATION.runFunction(C:\apache\htdocs\coldbox\system\interceptors\Autowire.cfc:80)
	at coldfusion.runtime.UDFMethod.invoke(UDFMethod.java:418)
	at coldfusion.filter.SilentFilter.invoke(SilentFilter.java:47)
	at coldfusion.runtime.UDFMethod$ReturnTypeFilter.invoke(UDFMethod.java:360)
	at coldfusion.runtime.UDFMethod$ArgumentCollectionFilter.invoke(UDFMethod.java:324)
	at coldfusion.filter.FunctionAccessFilter.invoke(FunctionAccessFilter.java:59)
	at coldfusion.runtime.UDFMethod.runFilterChain(UDFMethod.java:277)
	at coldfusion.runtime.UDFMethod.invoke(UDFMethod.java:463)
	at coldfusion.runtime.TemplateProxy.invoke(TemplateProxy.java:453)
	at coldfusion.runtime.TemplateProxy.invoke(TemplateProxy.java:320)
	at coldfusion.runtime.CfJspPage._invoke(CfJspPage.java:2222)
	at coldfusion.tagext.lang.InvokeTag.doEndTag(InvokeTag.java:362)
	at cfInterceptorState2ecfc785275506$funcINVOKER.runFunction(C:\apache\htdocs\coldbox\system\beans\InterceptorState.cfc:142)
	at coldfusion.runtime.UDFMethod.invoke(UDFMethod.java:418)
	at coldfusion.filter.SilentFilter.invoke(SilentFilter.java:47)
	at coldfusion.runtime.UDFMethod$ReturnTypeFilter.invoke(UDFMethod.java:360)
	at coldfusion.runtime.UDFMethod$ArgumentCollectionFilter.invoke(UDFMethod.java:324)
	at coldfusion.filter.FunctionAccessFilter.invoke(FunctionAccessFilter.java:59)
	at coldfusion.runtime.UDFMethod.runFilterChain(UDFMethod.java:277)
	at coldfusion.runtime.UDFMethod.invoke(UDFMethod.java:192)
	at coldfusion.runtime.CfJspPage._invokeUDF(CfJspPage.java:2471)
	at cfInterceptorState2ecfc785275506$funcPROCESS.runFunction(C:\apache\htdocs\coldbox\system\beans\InterceptorState.cfc:99)
	at coldfusion.runtime.UDFMethod.invoke(UDFMethod.java:418)
	at coldfusion.filter.SilentFilter.invoke(SilentFilter.java:47)
	at coldfusion.runtime.UDFMethod$ReturnTypeFilter.invoke(UDFMethod.java:360)
	at coldfusion.runtime.UDFMethod$ArgumentCollectionFilter.invoke(UDFMethod.java:324)
	at coldfusion.filter.FunctionAccessFilter.invoke(FunctionAccessFilter.java:59)
	at coldfusion.runtime.UDFMethod.runFilterChain(UDFMethod.java:277)
	at coldfusion.runtime.UDFMethod.invoke(UDFMethod.java:192)
	at coldfusion.runtime.TemplateProxy.invoke(TemplateProxy.java:448)
	at coldfusion.runtime.TemplateProxy.invoke(TemplateProxy.java:308)
	at coldfusion.runtime.CfJspPage._invoke(CfJspPage.java:2272)
	at cfInterceptorService2ecfc2031664677$funcPROCESSSTATE.runFunction(C:\apache\htdocs\coldbox\system\services\InterceptorService.cfc:95)
	at coldfusion.runtime.UDFMethod.invoke(UDFMethod.java:418)
	at coldfusion.runtime.UDFMethod$ReturnTypeFilter.invoke(UDFMethod.java:360)
	at coldfusion.runtime.UDFMethod$ArgumentCollectionFilter.invoke(UDFMethod.java:324)
	at coldfusion.filter.FunctionAccessFilter.invoke(FunctionAccessFilter.java:59)
	at coldfusion.runtime.UDFMethod.runFilterChain(UDFMethod.java:277)
	at coldfusion.runtime.UDFMethod.invoke(UDFMethod.java:192)
	at coldfusion.runtime.TemplateProxy.invoke(TemplateProxy.java:448)
	at coldfusion.runtime.TemplateProxy.invoke(TemplateProxy.java:308)
	at coldfusion.runtime.CfJspPage._invoke(CfJspPage.java:2272)
	at cfHandlerService2ecfc621219838$funcNEWHANDLER.runFunction(C:\apache\htdocs\coldbox\system\services\HandlerService.cfc:55)
	at coldfusion.runtime.UDFMethod.invoke(UDFMethod.java:418)
	at coldfusion.filter.SilentFilter.invoke(SilentFilter.java:47)
	at coldfusion.runtime.UDFMethod$ReturnTypeFilter.invoke(UDFMethod.java:360)
	at coldfusion.runtime.UDFMethod$ArgumentCollectionFilter.invoke(UDFMethod.java:324)
	at coldfusion.filter.FunctionAccessFilter.invoke(FunctionAccessFilter.java:59)
	at coldfusion.runtime.UDFMethod.runFilterChain(UDFMethod.java:277)
	at coldfusion.runtime.UDFMethod.invoke(UDFMethod.java:192)
	at coldfusion.runtime.CfJspPage._invokeUDF(CfJspPage.java:2471)
	at cfHandlerService2ecfc621219838$funcGETHANDLER.runFunction(C:\apache\htdocs\coldbox\system\services\HandlerService.cfc:103)
	at coldfusion.runtime.UDFMethod.invoke(UDFMethod.java:418)
	at coldfusion.filter.SilentFilter.invoke(SilentFilter.java:47)
	at coldfusion.runtime.UDFMethod$ReturnTypeFilter.invoke(UDFMethod.java:360)
	at coldfusion.runtime.UDFMethod$ArgumentCollectionFilter.invoke(UDFMethod.java:324)
	at coldfusion.filter.FunctionAccessFilter.invoke(FunctionAccessFilter.java:59)
	at coldfusion.runtime.UDFMethod.runFilterChain(UDFMethod.java:277)
	at coldfusion.runtime.UDFMethod.invoke(UDFMethod.java:192)
	at coldfusion.runtime.TemplateProxy.invoke(TemplateProxy.java:448)
	at coldfusion.runtime.TemplateProxy.invoke(TemplateProxy.java:308)
	at coldfusion.runtime.CfJspPage._invoke(CfJspPage.java:2272)
	at cfController2ecfc303953387$funcRUNEVENT.runFunction(C:\apache\htdocs\coldbox\system\Controller.cfc:438)
	at coldfusion.runtime.UDFMethod.invoke(UDFMethod.java:418)
	at coldfusion.runtime.UDFMethod$ReturnTypeFilter.invoke(UDFMethod.java:360)
	at coldfusion.runtime.UDFMethod$ArgumentCollectionFilter.invoke(UDFMethod.java:324)
	at coldfusion.filter.FunctionAccessFilter.invoke(FunctionAccessFilter.java:59)
	at coldfusion.runtime.UDFMethod.runFilterChain(UDFMethod.java:277)
	at coldfusion.runtime.UDFMethod.invoke(UDFMethod.java:463)
	at coldfusion.runtime.TemplateProxy.invoke(TemplateProxy.java:453)
	at coldfusion.runtime.TemplateProxy.invoke(TemplateProxy.java:320)
	at coldfusion.runtime.CfJspPage._invoke(CfJspPage.java:2222)
	at cfColdbox2ecfc1886240252$funcPROCESSCOLDBOXREQUEST.runFunction(C:\apache\htdocs\coldbox\system\Coldbox.cfc:186)
	at coldfusion.runtime.UDFMethod.invoke(UDFMethod.java:418)
	at coldfusion.runtime.UDFMethod$ReturnTypeFilter.invoke(UDFMethod.java:360)
	at coldfusion.runtime.UDFMethod$ArgumentCollectionFilter.invoke(UDFMethod.java:324)
	at coldfusion.filter.FunctionAccessFilter.invoke(FunctionAccessFilter.java:59)
	at coldfusion.runtime.UDFMethod.runFilterChain(UDFMethod.java:277)
	at coldfusion.runtime.UDFMethod.invoke(UDFMethod.java:192)
	at coldfusion.runtime.CfJspPage._invokeUDF(CfJspPage.java:2471)
	at cfApplication2ecfc628597436$funcONREQUESTSTART.runFunction(C:\apache\htdocs\coldbox\samples\applications\SimpleBlog\simple_blog\Application.cfc:51)
	at coldfusion.runtime.UDFMethod.invoke(UDFMethod.java:418)
	at coldfusion.runtime.UDFMethod$ReturnTypeFilter.invoke(UDFMethod.java:360)
	at coldfusion.runtime.UDFMethod$ArgumentCollectionFilter.invoke(UDFMethod.java:324)
	at coldfusion.filter.FunctionAccessFilter.invoke(FunctionAccessFilter.java:59)
	at coldfusion.runtime.UDFMethod.runFilterChain(UDFMethod.java:277)
	at coldfusion.runtime.UDFMethod.invoke(UDFMethod.java:192)
	at coldfusion.runtime.TemplateProxy.invoke(TemplateProxy.java:448)
	at coldfusion.runtime.TemplateProxy.invoke(TemplateProxy.java:308)
	at coldfusion.runtime.AppEventInvoker.invoke(AppEventInvoker.java:74)
	at coldfusion.runtime.AppEventInvoker.onRequestStart(AppEventInvoker.java:221)
	at coldfusion.filter.ApplicationFilter.invoke(ApplicationFilter.java:264)
	at coldfusion.filter.MonitoringFilter.invoke(MonitoringFilter.java:40)
	at coldfusion.filter.PathFilter.invoke(PathFilter.java:86)
	at coldfusion.filter.LicenseFilter.invoke(LicenseFilter.java:27)
	at coldfusion.filter.ExceptionFilter.invoke(ExceptionFilter.java:70)
	at coldfusion.filter.BrowserDebugFilter.invoke(BrowserDebugFilter.java:74)
	at coldfusion.filter.ClientScopePersistenceFilter.invoke(ClientScopePersistenceFilter.java:28)
	at coldfusion.filter.BrowserFilter.invoke(BrowserFilter.java:38)
	at coldfusion.filter.NoCacheFilter.invoke(NoCacheFilter.java:46)
	at coldfusion.filter.GlobalsFilter.invoke(GlobalsFilter.java:38)
	at coldfusion.filter.DatasourceFilter.invoke(DatasourceFilter.java:22)
	at coldfusion.CfmServlet.service(CfmServlet.java:175)
	at coldfusion.bootstrap.BootstrapServlet.service(BootstrapServlet.java:89)
	at jrun.servlet.FilterChain.doFilter(FilterChain.java:86)
	at coldfusion.monitor.event.MonitoringServletFilter.doFilter(MonitoringServletFilter.java:42)
	at coldfusion.bootstrap.BootstrapFilter.doFilter(BootstrapFilter.java:46)
	at jrun.servlet.FilterChain.doFilter(FilterChain.java:94)
	at jrun.servlet.FilterChain.service(FilterChain.java:101)
	at jrun.servlet.ServletInvoker.invoke(ServletInvoker.java:106)
	at jrun.servlet.JRunInvokerChain.invokeNext(JRunInvokerChain.java:42)
	at jrun.servlet.JRunRequestDispatcher.invoke(JRunRequestDispatcher.java:286)
	at jrun.servlet.ServletEngineService.dispatch(ServletEngineService.java:543)
	at jrun.servlet.jrpp.JRunProxyService.invokeRunnable(JRunProxyService.java:203)
	at jrunx.scheduler.ThreadPool$DownstreamMetrics.invokeRunnable(ThreadPool.java:320)
	at jrunx.scheduler.ThreadPool$ThreadThrottle.invokeRunnable(ThreadPool.java:428)
	at jrunx.scheduler.ThreadPool$UpstreamMetrics.invokeRunnable(ThreadPool.java:266)
	at jrunx.scheduler.WorkerThread.run(WorkerThread.java:66)
CFTagContext=ID: CFTHROW; LINE: 420; TEMPLATE: C:\apache\htdocs\coldbox\system\FrameworkSupertype.cfc ID: CF_UDFMETHOD; LINE: 113; TEMPLATE: C:\apache\htdocs\coldbox\system\interceptors\Autowire.cfc ID: CF_UDFMETHOD; LINE: 80; TEMPLATE: C:\apache\htdocs\coldbox\system\interceptors\Autowire.cfc ID: CFINVOKE; LINE: 142; TEMPLATE: C:\apache\htdocs\coldbox\system\beans\InterceptorState.cfc ID: CF_UDFMETHOD; LINE: 99; TEMPLATE: C:\apache\htdocs\coldbox\system\beans\InterceptorState.cfc ID: CF_TEMPLATEPROXY; LINE: 95; TEMPLATE: C:\apache\htdocs\coldbox\system\services\InterceptorService.cfc ID: CF_TEMPLATEPROXY; LINE: 55; TEMPLATE: C:\apache\htdocs\coldbox\system\services\HandlerService.cfc ID: CF_UDFMETHOD; LINE: 103; TEMPLATE: C:\apache\htdocs\coldbox\system\services\HandlerService.cfc ID: CF_TEMPLATEPROXY; LINE: 438; TEMPLATE: C:\apache\htdocs\coldbox\system\Controller.cfc ID: CF_TEMPLATEPROXY; LINE: 186; TEMPLATE: C:\apache\htdocs\coldbox\system\Coldbox.cfc ID: CF_UDFMETHOD; LINE: 51; TEMPLATE: C:\apache\htdocs\coldbox\samples\applications\SimpleBlog\simple_blog\Application.cfc"
"WARN","coldboxfile","09/17/2009","14:01:46","simple_blog","The BeanFactory definition file cannot be located -> /coldbox/samples/applications/SimpleBlog/simple_blog/config/ModelMappings.cfm"
